<?xml version="1.0" encoding="UTF-8"?>
<!-- Generated by org.testng.reporters.JUnitReportReporter -->
<testsuite skipped="0" hostname="IN2196867W4" name="democlass.facebookloginandlogout" tests="3" failures="0" timestamp="2021-04-20T09:49:24 IST" time="27.051" errors="0">
  <testcase name="loginandlogout" time="8.995" classname="democlass.facebookloginandlogout"/>
  <system-out/>
  <testcase name="loginandlogout" time="7.662" classname="democlass.facebookloginandlogout"/>
  <system-out/>
  <testcase name="loginandlogout" time="10.394" classname="democlass.facebookloginandlogout"/>
  <system-out/>
</testsuite> <!-- democlass.facebookloginandlogout -->
