<?xml version="1.0" encoding="UTF-8"?>
<!-- Generated by org.testng.reporters.JUnitReportReporter -->
<testsuite skipped="0" hostname="IN2196867W4" name="democlass.sampleclass2" tests="2" failures="0" timestamp="2021-04-16T10:11:24 IST" time="0.013" errors="0">
  <testcase name="method9" time="0.007" classname="democlass.sampleclass2"/>
  <system-out/>
  <testcase name="method11" time="0.006" classname="democlass.sampleclass2"/>
  <system-out/>
</testsuite> <!-- democlass.sampleclass2 -->
