<?xml version="1.0" encoding="UTF-8"?>
<!-- Generated by org.testng.reporters.JUnitReportReporter -->
<testsuite skipped="0" hostname="IN2196867W4" name="democlass.sampleclass3" tests="1" failures="0" timestamp="2021-04-16T10:11:24 IST" time="0.009" errors="0">
  <testcase name="method13" time="0.009" classname="democlass.sampleclass3"/>
  <system-out/>
</testsuite> <!-- democlass.sampleclass3 -->
