<?xml version="1.0" encoding="UTF-8"?>
<!-- Generated by org.testng.reporters.JUnitReportReporter -->
<testsuite skipped="0" hostname="IN2196867W4" name="democlass.sampletcase" tests="1" failures="0" timestamp="2021-04-16T10:01:10 IST" time="0.006" errors="0">
  <testcase name="secondtestcase" time="0.006" classname="democlass.sampletcase"/>
  <system-out/>
</testsuite> <!-- democlass.sampletcase -->
